[2021-05-25T14:53:42.687] [DEBUG] cheese - login => username:admin,password:123456
[2021-05-25T14:53:42.688] [DEBUG] cheese - admin
[2021-05-25T14:53:42.703] [DEBUG] cheese - null
[2021-05-25T14:53:42.703] [DEBUG] cheese - null
[2022-01-27T09:45:19.292] [DEBUG] cheese - login => username:21234,password:2131454
[2022-01-27T09:45:19.596] [DEBUG] cheese - 21234
[2022-01-27T09:45:19.640] [DEBUG] cheese - null
[2022-01-27T09:45:19.640] [DEBUG] cheese - null
[2022-01-27T09:45:20.952] [DEBUG] cheese - login => username:21234,password:2131454
[2022-01-27T09:45:20.953] [DEBUG] cheese - 21234
[2022-01-27T09:45:20.955] [DEBUG] cheese - null
[2022-01-27T09:45:20.955] [DEBUG] cheese - null
[2022-01-27T09:45:23.422] [DEBUG] cheese - login => username:21234,password:2131454
[2022-01-27T09:45:23.423] [DEBUG] cheese - 21234
[2022-01-27T09:45:23.425] [DEBUG] cheese - null
[2022-01-27T09:45:23.425] [DEBUG] cheese - null
[2022-01-27T09:55:10.907] [DEBUG] cheese - login => username:123,password:1235435
[2022-01-27T09:55:10.907] [DEBUG] cheese - 123
[2022-01-27T09:55:10.913] [DEBUG] cheese - null
[2022-01-27T09:55:10.913] [DEBUG] cheese - null
[2022-01-27T09:56:02.756] [DEBUG] cheese - login => username:1231234,password:2314324
[2022-01-27T09:56:02.756] [DEBUG] cheese - 1231234
[2022-01-27T09:56:02.759] [DEBUG] cheese - null
[2022-01-27T09:56:02.759] [DEBUG] cheese - null
[2022-01-27T09:58:57.425] [DEBUG] cheese - login => username:23143,password:124334
[2022-01-27T09:58:57.425] [DEBUG] cheese - 23143
[2022-01-27T09:58:57.429] [DEBUG] cheese - null
[2022-01-27T09:58:57.429] [DEBUG] cheese - null
[2022-01-27T09:59:00.013] [DEBUG] cheese - login => username:23143,password:124334
[2022-01-27T09:59:00.014] [DEBUG] cheese - 23143
[2022-01-27T09:59:00.019] [DEBUG] cheese - null
[2022-01-27T09:59:00.020] [DEBUG] cheese - null
[2022-01-27T09:59:15.545] [DEBUG] cheese - login => username:12341,password:4324545
[2022-01-27T09:59:15.545] [DEBUG] cheese - 12341
[2022-01-27T09:59:15.549] [DEBUG] cheese - null
[2022-01-27T09:59:15.549] [DEBUG] cheese - null
[2022-01-27T10:00:20.273] [DEBUG] cheese - login => username:213,password:3245325435
[2022-01-27T10:00:20.273] [DEBUG] cheese - 213
[2022-01-27T10:00:20.277] [DEBUG] cheese - null
[2022-01-27T10:00:20.277] [DEBUG] cheese - null
[2022-01-27T10:01:14.024] [DEBUG] cheese - login => username:321234,password:12342445
[2022-01-27T10:01:14.024] [DEBUG] cheese - 321234
[2022-01-27T10:01:14.026] [DEBUG] cheese - null
[2022-01-27T10:01:14.026] [DEBUG] cheese - null
[2022-01-27T10:01:54.016] [DEBUG] cheese - login => username:232134,password:34325435
[2022-01-27T10:01:54.016] [DEBUG] cheese - 232134
[2022-01-27T10:01:54.019] [DEBUG] cheese - null
[2022-01-27T10:01:54.020] [DEBUG] cheese - null
[2022-01-27T10:03:45.336] [DEBUG] cheese - login => username:12312334,password:343254
[2022-01-27T10:03:45.336] [DEBUG] cheese - 12312334
[2022-01-27T10:03:45.339] [DEBUG] cheese - null
[2022-01-27T10:03:45.339] [DEBUG] cheese - null
[2022-01-27T10:05:41.011] [DEBUG] cheese - login => username:123,password:231243
[2022-01-27T10:05:41.011] [DEBUG] cheese - 123
[2022-01-27T10:05:41.013] [DEBUG] cheese - null
[2022-01-27T10:05:41.014] [DEBUG] cheese - null
[2022-01-27T10:09:02.796] [DEBUG] cheese - login => username:admin,password:123456
[2022-01-27T10:09:02.796] [DEBUG] cheese - admin
[2022-01-27T10:09:02.804] [DEBUG] cheese - null
[2022-01-27T10:09:02.804] [DEBUG] cheese - null
[2022-01-27T10:09:51.079] [DEBUG] cheese - login => username:admin,password:123456
[2022-01-27T10:09:51.080] [DEBUG] cheese - admin
[2022-01-27T10:09:51.084] [DEBUG] cheese - null
[2022-01-27T10:09:51.084] [DEBUG] cheese - null
[2022-01-27T10:37:30.173] [DEBUG] cheese - login => username:admin,password:123456
[2022-01-27T10:37:30.173] [DEBUG] cheese - admin
[2022-01-27T10:37:30.178] [DEBUG] cheese - null
[2022-01-27T10:37:30.178] [DEBUG] cheese - null
[2022-01-27T11:56:12.164] [DEBUG] cheese - login => username:admin,password:123457
[2022-01-27T11:56:12.165] [DEBUG] cheese - admin
[2022-01-27T11:56:12.176] [DEBUG] cheese - null
[2022-01-27T11:56:12.176] [DEBUG] cheese - null
[2022-01-27T11:56:19.371] [DEBUG] cheese - login => username:admin,password:123456
[2022-01-27T11:56:19.371] [DEBUG] cheese - admin
[2022-01-27T11:56:19.375] [DEBUG] cheese - null
[2022-01-27T11:56:19.375] [DEBUG] cheese - null
[2022-01-27T12:08:43.122] [DEBUG] cheese - login => username:admin,password:123456
[2022-01-27T12:08:43.123] [DEBUG] cheese - admin
[2022-01-27T12:08:43.125] [DEBUG] cheese - null
[2022-01-27T12:08:43.125] [DEBUG] cheese - null
[2022-01-27T12:10:22.020] [DEBUG] cheese - login => username:admin,password:123456
[2022-01-27T12:10:22.021] [DEBUG] cheese - admin
[2022-01-27T12:10:22.024] [DEBUG] cheese - null
[2022-01-27T12:10:22.025] [DEBUG] cheese - null
[2022-01-27T12:13:42.526] [DEBUG] cheese - login => username:admin,password:123456
[2022-01-27T12:13:42.526] [DEBUG] cheese - admin
[2022-01-27T12:13:42.528] [DEBUG] cheese - null
[2022-01-27T12:13:42.528] [DEBUG] cheese - null
[2022-01-27T12:16:36.166] [DEBUG] cheese - login => username:admin,password:123456
[2022-01-27T12:16:36.166] [DEBUG] cheese - admin
[2022-01-27T12:16:36.168] [DEBUG] cheese - null
[2022-01-27T12:16:36.168] [DEBUG] cheese - null
[2022-01-27T12:16:43.185] [DEBUG] cheese - login => username:admin,password:123456
[2022-01-27T12:16:43.185] [DEBUG] cheese - admin
[2022-01-27T12:16:43.188] [DEBUG] cheese - null
[2022-01-27T12:16:43.188] [DEBUG] cheese - null
[2022-01-27T12:41:15.566] [DEBUG] cheese - login => username:admin,password:123456
[2022-01-27T12:41:15.566] [DEBUG] cheese - admin
[2022-01-27T12:41:15.571] [DEBUG] cheese - null
[2022-01-27T12:41:15.571] [DEBUG] cheese - null
[2022-01-27T12:43:42.188] [DEBUG] cheese - login => username:admin,password:123456
[2022-01-27T12:43:42.188] [DEBUG] cheese - admin
[2022-01-27T12:43:42.193] [DEBUG] cheese - null
[2022-01-27T12:43:42.193] [DEBUG] cheese - null
[2022-01-27T12:51:04.610] [DEBUG] cheese - login => username:admin,password:123456
[2022-01-27T12:51:04.610] [DEBUG] cheese - admin
[2022-01-27T12:51:04.612] [DEBUG] cheese - null
[2022-01-27T12:51:04.612] [DEBUG] cheese - null
[2022-01-27T12:53:01.719] [DEBUG] cheese - login => username:admin,password:123456
[2022-01-27T12:53:01.720] [DEBUG] cheese - admin
[2022-01-27T12:53:01.723] [DEBUG] cheese - null
[2022-01-27T12:53:01.723] [DEBUG] cheese - null
[2022-01-27T12:53:11.421] [DEBUG] cheese - login => username:admin,password:123456
[2022-01-27T12:53:11.421] [DEBUG] cheese - admin
[2022-01-27T12:53:11.423] [DEBUG] cheese - null
[2022-01-27T12:53:11.423] [DEBUG] cheese - null
[2022-01-27T12:53:40.486] [DEBUG] cheese - login => username:admin,password:123456
[2022-01-27T12:53:40.486] [DEBUG] cheese - admin
[2022-01-27T12:53:40.489] [DEBUG] cheese - null
[2022-01-27T12:53:40.489] [DEBUG] cheese - null
[2022-01-27T13:18:48.927] [DEBUG] cheese - login => username:admin,password:123456
[2022-01-27T13:18:48.927] [DEBUG] cheese - admin
[2022-01-27T13:18:48.932] [DEBUG] cheese - null
[2022-01-27T13:18:48.932] [DEBUG] cheese - null
[2022-01-27T13:32:48.037] [DEBUG] cheese - login => username:admin,password:123456
[2022-01-27T13:32:48.038] [DEBUG] cheese - admin
[2022-01-27T13:32:48.041] [DEBUG] cheese - null
[2022-01-27T13:32:48.041] [DEBUG] cheese - null
[2022-01-27T14:02:08.410] [DEBUG] cheese - login => username:admin,password:123456
[2022-01-27T14:02:08.410] [DEBUG] cheese - admin
[2022-01-27T14:02:08.413] [DEBUG] cheese - null
[2022-01-27T14:02:08.413] [DEBUG] cheese - null
[2022-01-27T17:01:15.098] [DEBUG] cheese - login => username:admin,password:123456
[2022-01-27T17:01:15.101] [DEBUG] cheese - admin
[2022-01-27T17:01:15.112] [DEBUG] cheese - null
[2022-01-27T17:01:15.113] [DEBUG] cheese - null
[2022-01-27T17:15:04.193] [DEBUG] cheese - login => username:admin,password:123456
[2022-01-27T17:15:04.193] [DEBUG] cheese - admin
[2022-01-27T17:15:04.198] [DEBUG] cheese - null
[2022-01-27T17:15:04.198] [DEBUG] cheese - null
[2022-01-27T17:15:11.299] [DEBUG] cheese - login => username:admin,password:123456
[2022-01-27T17:15:11.300] [DEBUG] cheese - admin
[2022-01-27T17:15:11.303] [DEBUG] cheese - null
[2022-01-27T17:15:11.303] [DEBUG] cheese - null
[2022-01-27T17:18:05.091] [DEBUG] cheese - login => username:admin,password:123456
[2022-01-27T17:18:05.091] [DEBUG] cheese - admin
[2022-01-27T17:18:05.093] [DEBUG] cheese - null
[2022-01-27T17:18:05.093] [DEBUG] cheese - null
[2022-01-27T22:09:59.815] [DEBUG] cheese - login => username:admin,password:12345678
[2022-01-27T22:09:59.816] [DEBUG] cheese - admin
[2022-01-27T22:09:59.843] [DEBUG] cheese - null
[2022-01-27T22:09:59.843] [DEBUG] cheese - null
[2022-01-27T22:14:11.105] [DEBUG] cheese - login => username:admin,password:12345678
[2022-01-27T22:14:11.105] [DEBUG] cheese - admin
[2022-01-27T22:14:11.109] [DEBUG] cheese - null
[2022-01-27T22:14:11.109] [DEBUG] cheese - null
[2022-01-27T22:14:17.960] [DEBUG] cheese - login => username:admin,password:1234567
[2022-01-27T22:14:17.960] [DEBUG] cheese - admin
[2022-01-27T22:14:17.962] [DEBUG] cheese - null
[2022-01-27T22:14:17.962] [DEBUG] cheese - null
[2022-01-27T22:14:22.579] [DEBUG] cheese - login => username:admin,password:123456
[2022-01-27T22:14:22.579] [DEBUG] cheese - admin
[2022-01-27T22:14:22.581] [DEBUG] cheese - null
[2022-01-27T22:14:22.582] [DEBUG] cheese - null
[2022-01-27T22:27:28.054] [DEBUG] cheese - login => username:admin,password:123456
[2022-01-27T22:27:28.055] [DEBUG] cheese - admin
[2022-01-27T22:27:28.057] [DEBUG] cheese - null
[2022-01-27T22:27:28.057] [DEBUG] cheese - null
[2022-01-27T22:28:37.471] [DEBUG] cheese - login => username:admin,password:123456
[2022-01-27T22:28:37.471] [DEBUG] cheese - admin
[2022-01-27T22:28:37.472] [DEBUG] cheese - null
[2022-01-27T22:28:37.472] [DEBUG] cheese - null
[2022-01-28T14:42:21.201] [DEBUG] cheese - login => username:admin,password:123456
[2022-01-28T14:42:21.219] [DEBUG] cheese - admin
[2022-01-28T14:42:21.243] [DEBUG] cheese - null
[2022-01-28T14:42:21.244] [DEBUG] cheese - null
[2022-01-28T14:42:38.735] [DEBUG] cheese - login => username:admin,password:123456
[2022-01-28T14:42:38.735] [DEBUG] cheese - admin
[2022-01-28T14:42:38.738] [DEBUG] cheese - null
[2022-01-28T14:42:38.738] [DEBUG] cheese - null
[2022-01-28T15:16:18.818] [DEBUG] cheese - login => username:admin,password:123456
[2022-01-28T15:16:18.820] [DEBUG] cheese - admin
[2022-01-28T15:16:18.823] [DEBUG] cheese - null
[2022-01-28T15:16:18.823] [DEBUG] cheese - null
[2022-01-28T15:39:14.241] [DEBUG] cheese - login => username:admin,password:123456
[2022-01-28T15:39:14.242] [DEBUG] cheese - admin
[2022-01-28T15:39:14.246] [DEBUG] cheese - null
[2022-01-28T15:39:14.247] [DEBUG] cheese - null
[2022-01-28T22:13:20.148] [DEBUG] cheese - login => username:admin,password:123456
[2022-01-28T22:13:20.150] [DEBUG] cheese - admin
[2022-01-28T22:13:20.160] [DEBUG] cheese - null
[2022-01-28T22:13:20.161] [DEBUG] cheese - null
[2022-01-30T12:31:35.451] [DEBUG] cheese - login => username:admin,password:123456
[2022-01-30T12:31:35.453] [DEBUG] cheese - admin
[2022-01-30T12:31:35.465] [DEBUG] cheese - null
[2022-01-30T12:31:35.465] [DEBUG] cheese - null
[2022-02-01T14:39:58.709] [DEBUG] cheese - login => username:admin,password:123456
[2022-02-01T14:39:58.724] [DEBUG] cheese - admin
[2022-02-01T14:39:59.027] [DEBUG] cheese - null
[2022-02-01T14:39:59.028] [DEBUG] cheese - null
[2022-02-01T14:40:16.364] [DEBUG] cheese - login => username:admin,password:123456
[2022-02-01T14:40:16.364] [DEBUG] cheese - admin
[2022-02-01T14:40:16.367] [DEBUG] cheese - null
[2022-02-01T14:40:16.367] [DEBUG] cheese - null
[2022-02-02T12:50:48.292] [DEBUG] cheese - login => username:admin,password:123456
[2022-02-02T12:50:48.293] [DEBUG] cheese - admin
[2022-02-02T12:50:48.323] [DEBUG] cheese - null
[2022-02-02T12:50:48.323] [DEBUG] cheese - null
[2022-02-02T13:02:02.999] [DEBUG] cheese - login => username:admin,password:123456
[2022-02-02T13:02:02.999] [DEBUG] cheese - admin
[2022-02-02T13:02:03.001] [DEBUG] cheese - null
[2022-02-02T13:02:03.002] [DEBUG] cheese - null
[2022-02-02T19:09:04.726] [DEBUG] cheese - login => username:admin,password:123456
[2022-02-02T19:09:04.727] [DEBUG] cheese - admin
[2022-02-02T19:09:04.739] [DEBUG] cheese - null
[2022-02-02T19:09:04.739] [DEBUG] cheese - null
[2022-02-02T20:01:03.542] [DEBUG] cheese - login => username:admin,password:123456
[2022-02-02T20:01:03.542] [DEBUG] cheese - admin
[2022-02-02T20:01:03.545] [DEBUG] cheese - null
[2022-02-02T20:01:03.545] [DEBUG] cheese - null
[2022-02-02T20:02:43.699] [DEBUG] cheese - login => username:admin,password:123456
[2022-02-02T20:02:43.700] [DEBUG] cheese - admin
[2022-02-02T20:02:43.702] [DEBUG] cheese - null
[2022-02-02T20:02:43.702] [DEBUG] cheese - null
[2022-02-02T20:50:53.697] [DEBUG] cheese - login => username:admin,password:123456
[2022-02-02T20:50:53.698] [DEBUG] cheese - admin
[2022-02-02T20:50:53.708] [DEBUG] cheese - null
[2022-02-02T20:50:53.709] [DEBUG] cheese - null
[2022-02-03T14:11:35.012] [DEBUG] cheese - login => username:admin,password:123456
[2022-02-03T14:11:35.035] [DEBUG] cheese - admin
[2022-02-03T14:11:35.062] [DEBUG] cheese - null
[2022-02-03T14:11:35.062] [DEBUG] cheese - null
[2022-02-04T14:36:13.755] [DEBUG] cheese - login => username:admin,password:123456
[2022-02-04T14:36:13.756] [DEBUG] cheese - admin
[2022-02-04T14:36:13.905] [DEBUG] cheese - null
[2022-02-04T14:36:13.906] [DEBUG] cheese - null
[2022-02-05T14:38:38.457] [DEBUG] cheese - login => username:admin,password:123456
[2022-02-05T14:38:38.458] [DEBUG] cheese - admin
[2022-02-05T14:38:38.765] [DEBUG] cheese - null
[2022-02-05T14:38:38.765] [DEBUG] cheese - null
[2022-02-06T13:22:44.962] [DEBUG] cheese - login => username:admin,password:123456
[2022-02-06T13:22:44.977] [DEBUG] cheese - admin
[2022-02-06T13:22:45.025] [DEBUG] cheese - null
[2022-02-06T13:22:45.025] [DEBUG] cheese - null
